<?xml version="1.0" encoding="UTF-8"?>
<!-- Generated by org.testng.reporters.JUnitXMLReporter -->
<testsuite ignored="0" hostname="DESKTOP-D587OD5" failures="0" tests="6" name="Test" time="0.869" errors="0" timestamp="2021-06-03T01:44:26 GMT-07:00">
  <testcase classname="qaclickacademy.Mavenjava.RestApiTest" name="deletedTwitter" time="0.056"/>
  <testcase classname="qaclickacademy.Mavenjava.RestApiTest" name="postJira" time="0.01"/>
  <testcase classname="qaclickacademy.Mavenjava.AppaiumTest" name="iosApp" time="0.026"/>
  <testcase classname="qaclickacademy.Mavenjava.AppaiumTest" name="nativeApp" time="0.147"/>
  <testcase classname="qaclickacademy.Mavenjava.SeleniumTest" name="browserAutomation" time="0.024"/>
  <testcase classname="qaclickacademy.Mavenjava.SeleniumTest" name="elementsUi" time="0.018"/>
</testsuite> <!-- Test -->
