<?xml version="1.0" encoding="UTF-8"?>
<!-- Generated by org.testng.reporters.JUnitXMLReporter -->
<testsuite hostname="DESKTOP-D587OD5" ignored="0" name="Command line test" tests="6" failures="0" timestamp="2021-06-07T01:16:12 PDT" time="0.318" errors="0">
  <testcase name="iosApp" time="0.025" classname="qaclickacademy.Mavenjava.AppaiumTest"/>
  <testcase name="nativeApp" time="0.016" classname="qaclickacademy.Mavenjava.AppaiumTest"/>
  <testcase name="deletedTwitter" time="0.002" classname="qaclickacademy.Mavenjava.RestApiTest"/>
  <testcase name="postJira" time="0.002" classname="qaclickacademy.Mavenjava.RestApiTest"/>
  <testcase name="browserAutomation" time="0.004" classname="qaclickacademy.Mavenjava.SeleniumTest"/>
  <testcase name="elementsUi" time="0.002" classname="qaclickacademy.Mavenjava.SeleniumTest"/>
</testsuite> <!-- Command line test -->
