<?xml version="1.0" encoding="UTF-8"?>
<!-- Generated by org.testng.reporters.JUnitXMLReporter -->
<testsuite ignored="0" hostname="DESKTOP-D587OD5" failures="0" tests="6" name="Test" time="0.354" errors="0" timestamp="2021-06-03T03:17:24 GMT-07:00">
  <testcase classname="qaclickacademy.Mavenjava.RestApiTest" name="deletedTwitter" time="0.025"/>
  <testcase classname="qaclickacademy.Mavenjava.RestApiTest" name="postJira" time="0.002"/>
  <testcase classname="qaclickacademy.Mavenjava.SeleniumTest" name="browserAutomation" time="0.002"/>
  <testcase classname="qaclickacademy.Mavenjava.SeleniumTest" name="elementsUi" time="0.002"/>
  <testcase classname="qaclickacademy.Mavenjava.AppaiumTest" name="iosApp" time="0.003"/>
  <testcase classname="qaclickacademy.Mavenjava.AppaiumTest" name="nativeApp" time="0.002"/>
</testsuite> <!-- Test -->
