<?xml version="1.0" encoding="UTF-8"?>
<testng-results skipped="0" failed="0" ignored="0" total="6" passed="6">
  <reporter-output>
  </reporter-output>
  <suite name="Command line suite" duration-ms="318" started-at="2021-06-07T01:16:12 PDT" finished-at="2021-06-07T01:16:12 PDT">
    <groups>
    </groups>
    <test name="Command line test" duration-ms="318" started-at="2021-06-07T01:16:12 PDT" finished-at="2021-06-07T01:16:12 PDT">
      <class name="qaclickacademy.Mavenjava.AppaiumTest">
        <test-method status="PASS" signature="iosApp()[pri:0, instance:qaclickacademy.Mavenjava.AppaiumTest@5ec0a365]" name="iosApp" duration-ms="25" started-at="2021-06-07T01:16:12 PDT" finished-at="2021-06-07T01:16:12 PDT">
          <reporter-output>
          </reporter-output>
        </test-method> <!-- iosApp -->
        <test-method status="PASS" signature="nativeApp()[pri:0, instance:qaclickacademy.Mavenjava.AppaiumTest@5ec0a365]" name="nativeApp" duration-ms="16" started-at="2021-06-07T01:16:12 PDT" finished-at="2021-06-07T01:16:12 PDT">
          <reporter-output>
          </reporter-output>
        </test-method> <!-- nativeApp -->
      </class> <!-- qaclickacademy.Mavenjava.AppaiumTest -->
      <class name="qaclickacademy.Mavenjava.RestApiTest">
        <test-method status="PASS" signature="deletedTwitter()[pri:0, instance:qaclickacademy.Mavenjava.RestApiTest@13a5fe33]" name="deletedTwitter" duration-ms="2" started-at="2021-06-07T01:16:12 PDT" finished-at="2021-06-07T01:16:12 PDT">
          <reporter-output>
          </reporter-output>
        </test-method> <!-- deletedTwitter -->
        <test-method status="PASS" signature="postJira()[pri:0, instance:qaclickacademy.Mavenjava.RestApiTest@13a5fe33]" name="postJira" duration-ms="2" started-at="2021-06-07T01:16:12 PDT" finished-at="2021-06-07T01:16:12 PDT">
          <reporter-output>
          </reporter-output>
        </test-method> <!-- postJira -->
      </class> <!-- qaclickacademy.Mavenjava.RestApiTest -->
      <class name="qaclickacademy.Mavenjava.SeleniumTest">
        <test-method status="PASS" signature="browserAutomation()[pri:0, instance:qaclickacademy.Mavenjava.SeleniumTest@3108bc]" name="browserAutomation" duration-ms="4" started-at="2021-06-07T01:16:12 PDT" finished-at="2021-06-07T01:16:12 PDT">
          <reporter-output>
          </reporter-output>
        </test-method> <!-- browserAutomation -->
        <test-method status="PASS" signature="elementsUi()[pri:0, instance:qaclickacademy.Mavenjava.SeleniumTest@3108bc]" name="elementsUi" duration-ms="2" started-at="2021-06-07T01:16:12 PDT" finished-at="2021-06-07T01:16:12 PDT">
          <reporter-output>
          </reporter-output>
        </test-method> <!-- elementsUi -->
      </class> <!-- qaclickacademy.Mavenjava.SeleniumTest -->
    </test> <!-- Command line test -->
  </suite> <!-- Command line suite -->
</testng-results>
